[debug] [2024-10-06T14:25:49.301Z] ----------------------------------------------------------------------
[debug] [2024-10-06T14:25:49.304Z] Command:       C:\Program Files\nodejs\node.exe C:\Program Files\nodejs\node_modules\firebase-tools\lib\bin\firebase.js deploy
[debug] [2024-10-06T14:25:49.304Z] CLI Version:   11.23.0
[debug] [2024-10-06T14:25:49.304Z] Platform:      win32
[debug] [2024-10-06T14:25:49.304Z] Node Version:  v16.16.0
[debug] [2024-10-06T14:25:49.306Z] Time:          Sun Oct 06 2024 19:55:49 GMT+0530 (India Standard Time)
[debug] [2024-10-06T14:25:49.306Z] ----------------------------------------------------------------------
[debug] 
[debug] [2024-10-06T14:25:49.311Z] >>> [apiv2][query] GET https://firebase-public.firebaseio.com/cli.json [none]
[debug] [2024-10-06T14:25:49.395Z] > command requires scopes: ["email","openid","https://www.googleapis.com/auth/cloudplatformprojects.readonly","https://www.googleapis.com/auth/firebase","https://www.googleapis.com/auth/cloud-platform"]
[debug] [2024-10-06T14:25:49.396Z] > authorizing via signed-in user (av3h.vyas@gmail.com)
[debug] [2024-10-06T14:25:49.396Z] [iam] checking project ecommerce-app-a7a6c for permissions ["firebase.projects.get","firebasedatabase.instances.update","firebasehosting.sites.update"]
[debug] [2024-10-06T14:25:49.397Z] > refreshing access token with scopes: []
[debug] [2024-10-06T14:25:49.398Z] >>> [apiv2][query] POST https://www.googleapis.com/oauth2/v3/token [none]
[debug] [2024-10-06T14:25:49.398Z] >>> [apiv2][body] POST https://www.googleapis.com/oauth2/v3/token [omitted]
[debug] [2024-10-06T14:25:49.698Z] <<< [apiv2][status] POST https://www.googleapis.com/oauth2/v3/token 200
[debug] [2024-10-06T14:25:49.699Z] <<< [apiv2][body] POST https://www.googleapis.com/oauth2/v3/token [omitted]
[debug] [2024-10-06T14:25:49.707Z] >>> [apiv2][query] POST https://cloudresourcemanager.googleapis.com/v1/projects/ecommerce-app-a7a6c:testIamPermissions [none]
[debug] [2024-10-06T14:25:49.707Z] >>> [apiv2][(partial)header] POST https://cloudresourcemanager.googleapis.com/v1/projects/ecommerce-app-a7a6c:testIamPermissions x-goog-quota-user=projects/ecommerce-app-a7a6c
[debug] [2024-10-06T14:25:49.707Z] >>> [apiv2][body] POST https://cloudresourcemanager.googleapis.com/v1/projects/ecommerce-app-a7a6c:testIamPermissions {"permissions":["firebase.projects.get","firebasedatabase.instances.update","firebasehosting.sites.update"]}
[debug] [2024-10-06T14:25:49.948Z] <<< [apiv2][status] GET https://firebase-public.firebaseio.com/cli.json 200
[debug] [2024-10-06T14:25:49.948Z] <<< [apiv2][body] GET https://firebase-public.firebaseio.com/cli.json {"cloudBuildErrorAfter":1594252800000,"cloudBuildWarnAfter":1590019200000,"defaultNode10After":1594252800000,"minVersion":"3.0.5","node8DeploysDisabledAfter":1613390400000,"node8RuntimeDisabledAfter":1615809600000,"node8WarnAfter":1600128000000}
